#
# There is insufficient memory for the Java Runtime Environment to continue.
# Native memory allocation (malloc) failed to allocate 1048576 bytes for AllocateHeap
# Possible reasons:
#   The system is out of physical RAM or swap space
#   The process is running with CompressedOops enabled, and the Java Heap may be blocking the growth of the native heap
# Possible solutions:
#   Reduce memory load on the system
#   Increase physical memory or swap space
#   Check if swap backing store is full
#   Decrease Java heap size (-Xmx/-Xms)
#   Decrease number of Java threads
#   Decrease Java thread stack sizes (-Xss)
#   Set larger code cache with -XX:ReservedCodeCacheSize=
#   JVM is running with Unscaled Compressed Oops mode in which the Java heap is
#     placed in the first 4GB address space. The Java Heap base address is the
#     maximum limit for the native heap growth. Please use -XX:HeapBaseMinAddress
#     to set the Java Heap base and to place the Java Heap above 4GB virtual address.
# This output file may be truncated or incomplete.
#
#  Out of Memory Error (memory/allocation.inline.hpp:61), pid=15796, tid=0x0000000000007a24
#
# JRE version:  (8.0_271-b09) (build )
# Java VM: Java HotSpot(TM) 64-Bit Server VM (25.271-b09 mixed mode windows-amd64 compressed oops)
# Failed to write core dump. Minidumps are not enabled by default on client versions of Windows
#

---------------  T H R E A D  ---------------

Current thread (0x000001164f1c2000):  JavaThread "Unknown thread" [_thread_in_vm, id=31268, stack(0x000000146d100000,0x000000146d200000)]

Stack: [0x000000146d100000,0x000000146d200000]
Native frames: (J=compiled Java code, j=interpreted, Vv=VM code, C=native code)
V  [jvm.dll+0x33f6c9]
V  [jvm.dll+0x286122]
V  [jvm.dll+0x286dcd]
V  [jvm.dll+0x27d805]
V  [jvm.dll+0x1565d]
V  [jvm.dll+0x3d98d8]
V  [jvm.dll+0x3da69e]
V  [jvm.dll+0x3d6637]
V  [jvm.dll+0x10cfff]
V  [jvm.dll+0x21ab2b]
V  [jvm.dll+0x2494e7]
V  [jvm.dll+0x172a76]
C  [java.exe+0x2312]
C  [java.exe+0x15f54]
C  [KERNEL32.DLL+0x17c24]
C  [ntdll.dll+0x6d4d1]


---------------  P R O C E S S  ---------------

Java Threads: ( => current thread )

Other Threads:

=>0x000001164f1c2000 (exited) JavaThread "Unknown thread" [_thread_in_vm, id=31268, stack(0x000000146d100000,0x000000146d200000)]

VM state:not at safepoint (normal execution)

VM Mutex/Monitor currently owned by a thread: None

heap address: 0x0000000083000000, size: 2000 MB, Compressed Oops mode: 32-bit
Narrow klass base: 0x0000000000000000, Narrow klass shift: 3
Compressed class space size: 1073741824 Address: 0x0000000100000000

Heap:
 PSYoungGen      total 37888K, used 655K [0x00000000d6580000, 0x00000000d8f80000, 0x0000000100000000)
  eden space 32768K, 2% used [0x00000000d6580000,0x00000000d6623d80,0x00000000d8580000)
  from space 5120K, 0% used [0x00000000d8a80000,0x00000000d8a80000,0x00000000d8f80000)
  to   space 5120K, 0% used [0x00000000d8580000,0x00000000d8580000,0x00000000d8a80000)
 ParOldGen       total 86016K, used 0K [0x0000000083000000, 0x0000000088400000, 0x00000000d6580000)
  object space 86016K, 0% used [0x0000000083000000,0x0000000083000000,0x0000000088400000)
 Metaspace       used 776K, capacity 4480K, committed 4480K, reserved 1056768K
  class space    used 76K, capacity 384K, committed 384K, reserved 1048576K

Card table byte_map: [0x000001165fe00000,0x00000116601f0000] byte_map_base: 0x000001165f9e8000

Marking Bits: (ParMarkBitMap*) 0x0000000054137fe0
 Begin Bits: [0x0000011660490000, 0x00000116623d0000)
 End Bits:   [0x00000116623d0000, 0x0000011664310000)

Polling page: 0x000001164f150000

CodeCache: size=245760Kb used=328Kb max_used=328Kb free=245431Kb
 bounds [0x0000011650a40000, 0x0000011650cb0000, 0x000001165fa40000]
 total_blobs=58 nmethods=0 adapters=38
 compilation: enabled

Compilation events (0 events):
No events

GC Heap History (0 events):
No events

Deoptimization events (0 events):
No events

Classes redefined (0 events):
No events

Internal exceptions (0 events):
No events

Events (10 events):
Event: 0.029 loading class java/lang/Short
Event: 0.029 loading class java/lang/Short done
Event: 0.029 loading class java/lang/Integer
Event: 0.029 loading class java/lang/Integer done
Event: 0.029 loading class java/lang/Long
Event: 0.029 loading class java/lang/Long done
Event: 0.030 loading class java/lang/NullPointerException
Event: 0.030 loading class java/lang/NullPointerException done
Event: 0.030 loading class java/lang/ArithmeticException
Event: 0.030 loading class java/lang/ArithmeticException done


Dynamic libraries:
0x00007ff6f3a40000 - 0x00007ff6f3a87000 	C:\Program Files\Java\jdk1.8.0_271\bin\java.exe
0x00007ffb454c0000 - 0x00007ffb456b0000 	C:\windows\SYSTEM32\ntdll.dll
0x00007ffb1c6b0000 - 0x00007ffb1c6c2000 	C:\Program Files\Avast Software\Avast\aswhook.dll
0x00007ffb442b0000 - 0x00007ffb44362000 	C:\windows\System32\KERNEL32.DLL
0x00007ffb42e20000 - 0x00007ffb430c5000 	C:\windows\System32\KERNELBASE.dll
0x00007ffb44140000 - 0x00007ffb441e3000 	C:\windows\System32\ADVAPI32.dll
0x00007ffb441f0000 - 0x00007ffb4428e000 	C:\windows\System32\msvcrt.dll
0x00007ffb44b60000 - 0x00007ffb44bf7000 	C:\windows\System32\sechost.dll
0x00007ffb43700000 - 0x00007ffb4381f000 	C:\windows\System32\RPCRT4.dll
0x00007ffb43b60000 - 0x00007ffb43cf4000 	C:\windows\System32\USER32.dll
0x00007ffb42440000 - 0x00007ffb42461000 	C:\windows\System32\win32u.dll
0x00007ffb43570000 - 0x00007ffb43596000 	C:\windows\System32\GDI32.dll
0x00007ffb43260000 - 0x00007ffb433f8000 	C:\windows\System32\gdi32full.dll
0x00007ffb43400000 - 0x00007ffb4349e000 	C:\windows\System32\msvcp_win.dll
0x00007ffb430d0000 - 0x00007ffb431ca000 	C:\windows\System32\ucrtbase.dll
0x00007ffb278b0000 - 0x00007ffb27b34000 	C:\windows\WinSxS\amd64_microsoft.windows.common-controls_6595b64144ccf1df_6.0.18362.1316_none_9e7a364fe461dbd7\COMCTL32.dll
0x00007ffb43820000 - 0x00007ffb43b57000 	C:\windows\System32\combase.dll
0x00007ffb42d90000 - 0x00007ffb42e11000 	C:\windows\System32\bcryptPrimitives.dll
0x00007ffb443e0000 - 0x00007ffb4440e000 	C:\windows\System32\IMM32.DLL
0x00007ffb26e80000 - 0x00007ffb26e95000 	C:\Program Files\Java\jdk1.8.0_271\jre\bin\vcruntime140.dll
0x00007ffb26ab0000 - 0x00007ffb26b4b000 	C:\Program Files\Java\jdk1.8.0_271\jre\bin\msvcp140.dll
0x0000000053940000 - 0x00000000541af000 	C:\Program Files\Java\jdk1.8.0_271\jre\bin\server\jvm.dll
0x00007ffb44080000 - 0x00007ffb44088000 	C:\windows\System32\PSAPI.DLL
0x00007ffb25fb0000 - 0x00007ffb25fb9000 	C:\windows\SYSTEM32\WSOCK32.dll
0x00007ffb44370000 - 0x00007ffb443df000 	C:\windows\System32\WS2_32.dll
0x00007ffb3b980000 - 0x00007ffb3b9a4000 	C:\windows\SYSTEM32\WINMM.dll
0x00007ffb3a7c0000 - 0x00007ffb3a7ca000 	C:\windows\SYSTEM32\VERSION.dll
0x00007ffb3b6f0000 - 0x00007ffb3b71d000 	C:\windows\SYSTEM32\WINMMBASE.dll
0x00007ffb42bf0000 - 0x00007ffb42c3a000 	C:\windows\System32\cfgmgr32.dll
0x00007ffb42380000 - 0x00007ffb42391000 	C:\windows\System32\kernel.appcore.dll
0x00007ffb26e30000 - 0x00007ffb26e40000 	C:\Program Files\Java\jdk1.8.0_271\jre\bin\verify.dll
0x00007ffb26e00000 - 0x00007ffb26e2b000 	C:\Program Files\Java\jdk1.8.0_271\jre\bin\java.dll
0x00007ffb26de0000 - 0x00007ffb26df8000 	C:\Program Files\Java\jdk1.8.0_271\jre\bin\zip.dll
0x00007ffb40c70000 - 0x00007ffb40e64000 	C:\windows\SYSTEM32\dbghelp.dll

VM Arguments:
jvm_args: -Dfile.encoding=UTF-8 
java_command: interfaces.billing
java_class_path (initial): C:\Program Files\NetBeans 8.2 RC\java\modules\ext\AbsoluteLayout.jar;C:\Program Files\NetBeans 8.2 RC\ide\modules\ext\mysql-connector-java-5.1.23-bin.jar;C:\Users\minuri senara\Desktop\Java\java user\java mysql connector\mysql-connector-java-5.1.49\mysql-connector-java-5.1.49\mysql-connector-java-5.1.49-bin.jar;C:\Users\minuri senara\Desktop\Java\java user\display table\rs2xml\rs2xml\rs2xml.jar;C:\Users\minuri senara\Desktop\jcalendar-1.4\lib\jcalendar-1.4.jar;C:\Users\minuri senara\Desktop\Java\java user\PDF file meker\itextpdf-5.4.0.jar\itextpdf-5.4.0.jar;C:\Users\minuri senara\Desktop\new java project\The Helping Hands\build\classes
Launcher Type: SUN_STANDARD

Environment Variables:
PATH=C:\Program Files (x86)\Common Files\Oracle\Java\javapath;C:\windows\system32;C:\windows;C:\windows\System32\Wbem;C:\windows\System32\WindowsPowerShell\v1.0\;C:\windows\System32\OpenSSH\;C:\Program Files (x86)\NVIDIA Corporation\PhysX\Common;C:\Program Files\NVIDIA Corporation\NVIDIA NvDLISR;C:\Program Files\Java\jdk1.8.0_271\bin;C:\Users\minuri senara\AppData\Local\Microsoft\WindowsApps;
USERNAME=minuri senara
OS=Windows_NT
PROCESSOR_IDENTIFIER=Intel64 Family 6 Model 166 Stepping 0, GenuineIntel



---------------  S Y S T E M  ---------------

OS: Windows 10.0 , 64 bit Build 18362 (10.0.18362.1316)

CPU:total 8 (initial active 8) (4 cores per cpu, 2 threads per core) family 6 model 166 stepping 0, cmov, cx8, fxsr, mmx, sse, sse2, sse3, ssse3, sse4.1, sse4.2, popcnt, avx, avx2, aes, clmul, erms, 3dnowpref, lzcnt, ht, tsc, tscinvbit, bmi1, bmi2, adx

Memory: 4k page, physical 8188916k(334460k free), swap 33354740k(5124k free)

vm_info: Java HotSpot(TM) 64-Bit Server VM (25.271-b09) for windows-amd64 JRE (1.8.0_271-b09), built on Sep 16 2020 19:14:59 by "" with MS VC++ 15.9 (VS2017)

time: Fri Feb  5 22:53:04 2021
timezone: Sri Lanka Standard Time
elapsed time: 0.069907 seconds (0d 0h 0m 0s)

